<?xml version="1.0" encoding="UTF-8"?>
<testng-results ignored="0" total="1" passed="1" failed="0" skipped="0">
  <reporter-output>
  </reporter-output>
  <suite started-at="2019-03-23T22:49:18Z" name="Default suite" finished-at="2019-03-23T22:49:27Z" duration-ms="9396">
    <groups>
    </groups>
    <test started-at="2019-03-23T22:49:18Z" name="Default test" finished-at="2019-03-23T22:49:27Z" duration-ms="9396">
      <class name="joboffers.HomePage">
        <test-method signature="pageNavigation()[pri:0, instance:joboffers.HomePage@4e50c791]" started-at="2019-03-23T22:49:18Z" name="pageNavigation" finished-at="2019-03-23T22:49:27Z" duration-ms="9365" status="PASS">
          <reporter-output>
          </reporter-output>
        </test-method> <!-- pageNavigation -->
      </class> <!-- joboffers.HomePage -->
    </test> <!-- Default test -->
  </suite> <!-- Default suite -->
</testng-results>
